<?xml version="1.0" encoding="UTF-8"?>
<coverage generated="1525295210939" clover="3.2.0">
  <project timestamp="1525295210939" name="All files">
    <metrics statements="39" coveredstatements="37" conditionals="15" coveredconditionals="10" methods="7" coveredmethods="6" elements="61" coveredelements="53" complexity="0" loc="39" ncloc="39" packages="1" files="1" classes="1">
      <file name="index.js" path="/Users/gmcmillan/Desktop/cloudwatch-console-logger/src/index.js">
        <metrics statements="39" coveredstatements="37" conditionals="15" coveredconditionals="10" methods="7" coveredmethods="6"/>
        <line num="1" count="1" type="stmt"/>
        <line num="2" count="1" type="stmt"/>
        <line num="3" count="1" type="stmt"/>
        <line num="4" count="1" type="stmt"/>
        <line num="6" count="1" type="cond" truecount="1" falsecount="0"/>
        <line num="7" count="20" type="stmt"/>
        <line num="15" count="1" type="stmt"/>
        <line num="17" count="1" type="stmt"/>
        <line num="18" count="4" type="stmt"/>
        <line num="30" count="4" type="stmt"/>
        <line num="31" count="4" type="cond" truecount="1" falsecount="1"/>
        <line num="32" count="0" type="stmt"/>
        <line num="34" count="4" type="stmt"/>
        <line num="36" count="1" type="stmt"/>
        <line num="37" count="0" type="stmt"/>
        <line num="40" count="1" type="stmt"/>
        <line num="41" count="16" type="stmt"/>
        <line num="42" count="16" type="stmt"/>
        <line num="45" count="16" type="cond" truecount="1" falsecount="1"/>
        <line num="46" count="16" type="stmt"/>
        <line num="54" count="16" type="stmt"/>
        <line num="55" count="16" type="cond" truecount="1" falsecount="1"/>
        <line num="56" count="16" type="stmt"/>
        <line num="57" count="16" type="cond" truecount="1" falsecount="1"/>
        <line num="60" count="16" type="stmt"/>
        <line num="65" count="16" type="cond" truecount="1" falsecount="1"/>
        <line num="66" count="16" type="stmt"/>
        <line num="67" count="16" type="cond" truecount="2" falsecount="0"/>
        <line num="80" count="1" type="stmt"/>
        <line num="81" count="1" type="stmt"/>
        <line num="82" count="1" type="stmt"/>
        <line num="83" count="1" type="stmt"/>
        <line num="84" count="1" type="stmt"/>
        <line num="86" count="1" type="stmt"/>
        <line num="87" count="4" type="stmt"/>
        <line num="91" count="4" type="stmt"/>
        <line num="95" count="4" type="stmt"/>
        <line num="99" count="4" type="stmt"/>
        <line num="104" count="1" type="stmt"/>
      </file>
    </metrics>
  </project>
</coverage>
