{"/Users/gmcmillan/Desktop/cloudwatch-console-logger/src/index.js": {"path":"/Users/gmcmillan/Desktop/cloudwatch-console-logger/src/index.js","statementMap":{"0":{"start":{"line":1,"column":19},"end":{"line":1,"column":44}},"1":{"start":{"line":2,"column":20},"end":{"line":2,"column":46}},"2":{"start":{"line":3,"column":20},"end":{"line":3,"column":46}},"3":{"start":{"line":4,"column":21},"end":{"line":4,"column":46}},"4":{"start":{"line":6,"column":20},"end":{"line":14,"column":11}},"5":{"start":{"line":7,"column":3},"end":{"line":14,"column":10}},"6":{"start":{"line":15,"column":20},"end":{"line":15,"column":22}},"7":{"start":{"line":17,"column":30},"end":{"line":35,"column":1}},"8":{"start":{"line":18,"column":2},"end":{"line":29,"column":4}},"9":{"start":{"line":30,"column":2},"end":{"line":30,"column":20}},"10":{"start":{"line":31,"column":2},"end":{"line":33,"column":3}},"11":{"start":{"line":32,"column":4},"end":{"line":32,"column":28}},"12":{"start":{"line":34,"column":2},"end":{"line":34,"column":141}},"13":{"start":{"line":36,"column":13},"end":{"line":38,"column":1}},"14":{"start":{"line":37,"column":2},"end":{"line":37,"column":22}},"15":{"start":{"line":40,"column":24},"end":{"line":82,"column":1}},"16":{"start":{"line":41,"column":12},"end":{"line":41,"column":49}},"17":{"start":{"line":42,"column":2},"end":{"line":81,"column":3}},"18":{"start":{"line":43,"column":4},"end":{"line":43,"column":22}},"19":{"start":{"line":46,"column":4},"end":{"line":54,"column":5}},"20":{"start":{"line":47,"column":6},"end":{"line":53,"column":27}},"21":{"start":{"line":56,"column":36},"end":{"line":56,"column":40}},"22":{"start":{"line":57,"column":21},"end":{"line":57,"column":67}},"23":{"start":{"line":59,"column":20},"end":{"line":61,"column":16}},"24":{"start":{"line":60,"column":17},"end":{"line":60,"column":62}},"25":{"start":{"line":63,"column":4},"end":{"line":80,"column":6}},"26":{"start":{"line":68,"column":12},"end":{"line":68,"column":62}},"27":{"start":{"line":68,"column":45},"end":{"line":68,"column":62}},"28":{"start":{"line":69,"column":29},"end":{"line":69,"column":56}},"29":{"start":{"line":70,"column":12},"end":{"line":70,"column":57}},"30":{"start":{"line":83,"column":30},"end":{"line":88,"column":1}},"31":{"start":{"line":84,"column":2},"end":{"line":84,"column":34}},"32":{"start":{"line":85,"column":2},"end":{"line":85,"column":36}},"33":{"start":{"line":86,"column":2},"end":{"line":86,"column":36}},"34":{"start":{"line":87,"column":2},"end":{"line":87,"column":38}},"35":{"start":{"line":89,"column":24},"end":{"line":106,"column":1}},"36":{"start":{"line":90,"column":2},"end":{"line":93,"column":5}},"37":{"start":{"line":94,"column":2},"end":{"line":97,"column":5}},"38":{"start":{"line":98,"column":2},"end":{"line":101,"column":5}},"39":{"start":{"line":102,"column":2},"end":{"line":105,"column":5}},"40":{"start":{"line":107,"column":0},"end":{"line":107,"column":18}},"41":{"start":{"line":108,"column":0},"end":{"line":113,"column":2}},"42":{"start":{"line":115,"column":0},"end":{"line":115,"column":32}},"43":{"start":{"line":116,"column":0},"end":{"line":116,"column":34}},"44":{"start":{"line":117,"column":0},"end":{"line":117,"column":36}},"45":{"start":{"line":118,"column":0},"end":{"line":118,"column":38}},"46":{"start":{"line":119,"column":0},"end":{"line":119,"column":20}},"47":{"start":{"line":120,"column":0},"end":{"line":120,"column":54}},"48":{"start":{"line":121,"column":0},"end":{"line":121,"column":34}},"49":{"start":{"line":122,"column":0},"end":{"line":122,"column":42}},"50":{"start":{"line":123,"column":0},"end":{"line":123,"column":42}},"51":{"start":{"line":124,"column":0},"end":{"line":124,"column":54}}},"fnMap":{"0":{"name":"(anonymous_0)","decl":{"start":{"line":6,"column":20},"end":{"line":6,"column":21}},"loc":{"start":{"line":7,"column":3},"end":{"line":14,"column":10}},"line":7},"1":{"name":"(anonymous_1)","decl":{"start":{"line":17,"column":30},"end":{"line":17,"column":31}},"loc":{"start":{"line":17,"column":50},"end":{"line":35,"column":1}},"line":17},"2":{"name":"(anonymous_2)","decl":{"start":{"line":36,"column":13},"end":{"line":36,"column":14}},"loc":{"start":{"line":36,"column":27},"end":{"line":38,"column":1}},"line":36},"3":{"name":"(anonymous_3)","decl":{"start":{"line":40,"column":24},"end":{"line":40,"column":25}},"loc":{"start":{"line":40,"column":35},"end":{"line":82,"column":1}},"line":40},"4":{"name":"(anonymous_4)","decl":{"start":{"line":60,"column":11},"end":{"line":60,"column":12}},"loc":{"start":{"line":60,"column":17},"end":{"line":60,"column":62}},"line":60},"5":{"name":"(anonymous_5)","decl":{"start":{"line":83,"column":30},"end":{"line":83,"column":31}},"loc":{"start":{"line":83,"column":36},"end":{"line":88,"column":1}},"line":83},"6":{"name":"(anonymous_6)","decl":{"start":{"line":89,"column":24},"end":{"line":89,"column":25}},"loc":{"start":{"line":89,"column":30},"end":{"line":106,"column":1}},"line":89}},"branchMap":{"0":{"loc":{"start":{"line":6,"column":21},"end":{"line":6,"column":30}},"type":"default-arg","locations":[{"start":{"line":6,"column":29},"end":{"line":6,"column":30}}],"line":6},"1":{"loc":{"start":{"line":25,"column":17},"end":{"line":25,"column":42}},"type":"binary-expr","locations":[{"start":{"line":25,"column":17},"end":{"line":25,"column":31}},{"start":{"line":25,"column":35},"end":{"line":25,"column":42}}],"line":25},"2":{"loc":{"start":{"line":31,"column":2},"end":{"line":33,"column":3}},"type":"if","locations":[{"start":{"line":31,"column":2},"end":{"line":33,"column":3}},{"start":{"line":31,"column":2},"end":{"line":33,"column":3}}],"line":31},"3":{"loc":{"start":{"line":46,"column":4},"end":{"line":54,"column":5}},"type":"if","locations":[{"start":{"line":46,"column":4},"end":{"line":54,"column":5}},{"start":{"line":46,"column":4},"end":{"line":54,"column":5}}],"line":46},"4":{"loc":{"start":{"line":57,"column":33},"end":{"line":57,"column":66}},"type":"binary-expr","locations":[{"start":{"line":57,"column":33},"end":{"line":57,"column":41}},{"start":{"line":57,"column":45},"end":{"line":57,"column":66}}],"line":57},"5":{"loc":{"start":{"line":60,"column":17},"end":{"line":60,"column":62}},"type":"cond-expr","locations":[{"start":{"line":60,"column":41},"end":{"line":60,"column":58}},{"start":{"line":60,"column":61},"end":{"line":60,"column":62}}],"line":60},"6":{"loc":{"start":{"line":68,"column":12},"end":{"line":68,"column":62}},"type":"if","locations":[{"start":{"line":68,"column":12},"end":{"line":68,"column":62}},{"start":{"line":68,"column":12},"end":{"line":68,"column":62}}],"line":68},"7":{"loc":{"start":{"line":70,"column":19},"end":{"line":70,"column":56}},"type":"cond-expr","locations":[{"start":{"line":70,"column":30},"end":{"line":70,"column":44}},{"start":{"line":70,"column":47},"end":{"line":70,"column":56}}],"line":70}},"s":{"0":1,"1":1,"2":1,"3":1,"4":1,"5":17,"6":1,"7":1,"8":2,"9":2,"10":2,"11":0,"12":2,"13":1,"14":0,"15":1,"16":14,"17":14,"18":14,"19":14,"20":14,"21":14,"22":14,"23":14,"24":14,"25":14,"26":14,"27":0,"28":14,"29":14,"30":1,"31":1,"32":1,"33":1,"34":1,"35":1,"36":3,"37":3,"38":3,"39":3,"40":1,"41":1,"42":1,"43":1,"44":1,"45":1,"46":1,"47":1,"48":1,"49":1,"50":1,"51":1},"f":{"0":17,"1":2,"2":0,"3":14,"4":14,"5":1,"6":3},"b":{"0":[1],"1":[2,1],"2":[0,2],"3":[14,0],"4":[14,0],"5":[0,14],"6":[0,14],"7":[1,13]},"_coverageSchema":"332fd63041d2c1bcb487cc26dd0d5f7d97098a6c","hash":"860d1b6fee8cc56c4e56c6b9e92e9d76c36d1a14"}
}
