{"/Users/gmcmillan/Desktop/cloudwatch-console-logger/src/index.js": {"path":"/Users/gmcmillan/Desktop/cloudwatch-console-logger/src/index.js","statementMap":{"0":{"start":{"line":6,"column":19},"end":{"line":6,"column":44}},"1":{"start":{"line":7,"column":20},"end":{"line":7,"column":46}},"2":{"start":{"line":8,"column":20},"end":{"line":8,"column":46}},"3":{"start":{"line":9,"column":21},"end":{"line":9,"column":46}},"4":{"start":{"line":11,"column":20},"end":{"line":19,"column":11}},"5":{"start":{"line":12,"column":3},"end":{"line":19,"column":10}},"6":{"start":{"line":20,"column":23},"end":{"line":20,"column":25}},"7":{"start":{"line":21,"column":37},"end":{"line":23,"column":1}},"8":{"start":{"line":22,"column":2},"end":{"line":22,"column":23}},"9":{"start":{"line":25,"column":24},"end":{"line":66,"column":1}},"10":{"start":{"line":26,"column":14},"end":{"line":26,"column":51}},"11":{"start":{"line":27,"column":2},"end":{"line":65,"column":3}},"12":{"start":{"line":28,"column":4},"end":{"line":28,"column":22}},"13":{"start":{"line":31,"column":4},"end":{"line":39,"column":5}},"14":{"start":{"line":32,"column":6},"end":{"line":38,"column":27}},"15":{"start":{"line":40,"column":36},"end":{"line":40,"column":40}},"16":{"start":{"line":41,"column":21},"end":{"line":41,"column":67}},"17":{"start":{"line":42,"column":20},"end":{"line":44,"column":16}},"18":{"start":{"line":43,"column":17},"end":{"line":43,"column":62}},"19":{"start":{"line":45,"column":4},"end":{"line":45,"column":25}},"20":{"start":{"line":45,"column":18},"end":{"line":45,"column":25}},"21":{"start":{"line":47,"column":4},"end":{"line":64,"column":6}},"22":{"start":{"line":52,"column":12},"end":{"line":52,"column":62}},"23":{"start":{"line":52,"column":45},"end":{"line":52,"column":62}},"24":{"start":{"line":53,"column":29},"end":{"line":53,"column":56}},"25":{"start":{"line":54,"column":12},"end":{"line":54,"column":57}},"26":{"start":{"line":67,"column":30},"end":{"line":72,"column":1}},"27":{"start":{"line":68,"column":2},"end":{"line":68,"column":34}},"28":{"start":{"line":69,"column":2},"end":{"line":69,"column":36}},"29":{"start":{"line":70,"column":2},"end":{"line":70,"column":36}},"30":{"start":{"line":71,"column":2},"end":{"line":71,"column":38}},"31":{"start":{"line":73,"column":24},"end":{"line":91,"column":1}},"32":{"start":{"line":74,"column":2},"end":{"line":74,"column":84}},"33":{"start":{"line":74,"column":53},"end":{"line":74,"column":84}},"34":{"start":{"line":75,"column":2},"end":{"line":78,"column":5}},"35":{"start":{"line":79,"column":2},"end":{"line":82,"column":5}},"36":{"start":{"line":83,"column":2},"end":{"line":86,"column":5}},"37":{"start":{"line":87,"column":2},"end":{"line":90,"column":5}},"38":{"start":{"line":92,"column":0},"end":{"line":97,"column":2}},"39":{"start":{"line":98,"column":0},"end":{"line":98,"column":44}},"40":{"start":{"line":99,"column":0},"end":{"line":99,"column":68}},"41":{"start":{"line":100,"column":0},"end":{"line":100,"column":34}},"42":{"start":{"line":101,"column":0},"end":{"line":101,"column":42}},"43":{"start":{"line":102,"column":0},"end":{"line":102,"column":42}},"44":{"start":{"line":103,"column":0},"end":{"line":103,"column":54}}},"fnMap":{"0":{"name":"(anonymous_0)","decl":{"start":{"line":11,"column":20},"end":{"line":11,"column":21}},"loc":{"start":{"line":12,"column":3},"end":{"line":19,"column":10}},"line":12},"1":{"name":"(anonymous_1)","decl":{"start":{"line":21,"column":37},"end":{"line":21,"column":38}},"loc":{"start":{"line":21,"column":49},"end":{"line":23,"column":1}},"line":21},"2":{"name":"(anonymous_2)","decl":{"start":{"line":25,"column":24},"end":{"line":25,"column":25}},"loc":{"start":{"line":25,"column":35},"end":{"line":66,"column":1}},"line":25},"3":{"name":"(anonymous_3)","decl":{"start":{"line":43,"column":11},"end":{"line":43,"column":12}},"loc":{"start":{"line":43,"column":17},"end":{"line":43,"column":62}},"line":43},"4":{"name":"(anonymous_4)","decl":{"start":{"line":67,"column":30},"end":{"line":67,"column":31}},"loc":{"start":{"line":67,"column":36},"end":{"line":72,"column":1}},"line":67},"5":{"name":"(anonymous_5)","decl":{"start":{"line":73,"column":24},"end":{"line":73,"column":25}},"loc":{"start":{"line":73,"column":30},"end":{"line":91,"column":1}},"line":73}},"branchMap":{"0":{"loc":{"start":{"line":11,"column":21},"end":{"line":11,"column":30}},"type":"default-arg","locations":[{"start":{"line":11,"column":29},"end":{"line":11,"column":30}}],"line":11},"1":{"loc":{"start":{"line":31,"column":4},"end":{"line":39,"column":5}},"type":"if","locations":[{"start":{"line":31,"column":4},"end":{"line":39,"column":5}},{"start":{"line":31,"column":4},"end":{"line":39,"column":5}}],"line":31},"2":{"loc":{"start":{"line":41,"column":33},"end":{"line":41,"column":66}},"type":"binary-expr","locations":[{"start":{"line":41,"column":33},"end":{"line":41,"column":41}},{"start":{"line":41,"column":45},"end":{"line":41,"column":66}}],"line":41},"3":{"loc":{"start":{"line":43,"column":17},"end":{"line":43,"column":62}},"type":"cond-expr","locations":[{"start":{"line":43,"column":41},"end":{"line":43,"column":58}},{"start":{"line":43,"column":61},"end":{"line":43,"column":62}}],"line":43},"4":{"loc":{"start":{"line":45,"column":4},"end":{"line":45,"column":25}},"type":"if","locations":[{"start":{"line":45,"column":4},"end":{"line":45,"column":25}},{"start":{"line":45,"column":4},"end":{"line":45,"column":25}}],"line":45},"5":{"loc":{"start":{"line":52,"column":12},"end":{"line":52,"column":62}},"type":"if","locations":[{"start":{"line":52,"column":12},"end":{"line":52,"column":62}},{"start":{"line":52,"column":12},"end":{"line":52,"column":62}}],"line":52},"6":{"loc":{"start":{"line":54,"column":19},"end":{"line":54,"column":56}},"type":"cond-expr","locations":[{"start":{"line":54,"column":30},"end":{"line":54,"column":44}},{"start":{"line":54,"column":47},"end":{"line":54,"column":56}}],"line":54},"7":{"loc":{"start":{"line":74,"column":2},"end":{"line":74,"column":84}},"type":"if","locations":[{"start":{"line":74,"column":2},"end":{"line":74,"column":84}},{"start":{"line":74,"column":2},"end":{"line":74,"column":84}}],"line":74}},"s":{"0":1,"1":1,"2":1,"3":1,"4":1,"5":16,"6":1,"7":1,"8":4,"9":1,"10":16,"11":16,"12":16,"13":16,"14":0,"15":16,"16":16,"17":16,"18":16,"19":16,"20":0,"21":16,"22":16,"23":0,"24":16,"25":16,"26":1,"27":2,"28":2,"29":2,"30":2,"31":1,"32":1,"33":1,"34":0,"35":0,"36":0,"37":0,"38":1,"39":1,"40":1,"41":1,"42":1,"43":1,"44":1},"f":{"0":16,"1":4,"2":16,"3":16,"4":2,"5":1},"b":{"0":[0],"1":[0,16],"2":[16,0],"3":[0,16],"4":[0,16],"5":[0,16],"6":[1,15],"7":[1,0]},"_coverageSchema":"332fd63041d2c1bcb487cc26dd0d5f7d97098a6c","hash":"41aeafafb4f0ec5e581f6c7bcf6b8f7856507c1f"}
}
