TN:
SF:/Users/gmcmillan/Desktop/cloudwatch-console-logger/src/index.js
FN:11,(anonymous_0)
FN:21,(anonymous_1)
FN:25,(anonymous_2)
FN:43,(anonymous_3)
FN:67,(anonymous_4)
FN:73,(anonymous_5)
FNF:6
FNH:6
FNDA:16,(anonymous_0)
FNDA:4,(anonymous_1)
FNDA:16,(anonymous_2)
FNDA:16,(anonymous_3)
FNDA:2,(anonymous_4)
FNDA:1,(anonymous_5)
DA:6,1
DA:7,1
DA:8,1
DA:9,1
DA:11,1
DA:12,16
DA:20,1
DA:21,1
DA:22,4
DA:25,1
DA:26,16
DA:27,16
DA:28,16
DA:31,16
DA:32,0
DA:40,16
DA:41,16
DA:42,16
DA:43,16
DA:45,16
DA:47,16
DA:52,16
DA:53,16
DA:54,16
DA:67,1
DA:68,2
DA:69,2
DA:70,2
DA:71,2
DA:73,1
DA:74,1
DA:75,0
DA:79,0
DA:83,0
DA:87,0
DA:92,1
DA:98,1
DA:99,1
DA:100,1
DA:101,1
DA:102,1
DA:103,1
LF:42
LH:37
BRDA:11,0,0,0
BRDA:31,1,0,0
BRDA:31,1,1,16
BRDA:41,2,0,16
BRDA:41,2,1,0
BRDA:43,3,0,0
BRDA:43,3,1,16
BRDA:45,4,0,0
BRDA:45,4,1,16
BRDA:52,5,0,0
BRDA:52,5,1,16
BRDA:54,6,0,1
BRDA:54,6,1,15
BRDA:74,7,0,1
BRDA:74,7,1,0
BRF:15
BRH:8
end_of_record
