TN:
SF:/Users/gmcmillan/Desktop/cloudwatch-console-logger/src/index.js
FN:6,(anonymous_0)
FN:17,(anonymous_1)
FN:36,(anonymous_2)
FN:40,(anonymous_3)
FN:60,(anonymous_4)
FN:83,(anonymous_5)
FN:89,(anonymous_6)
FNF:7
FNH:6
FNDA:17,(anonymous_0)
FNDA:2,(anonymous_1)
FNDA:0,(anonymous_2)
FNDA:14,(anonymous_3)
FNDA:14,(anonymous_4)
FNDA:1,(anonymous_5)
FNDA:3,(anonymous_6)
DA:1,1
DA:2,1
DA:3,1
DA:4,1
DA:6,1
DA:7,17
DA:15,1
DA:17,1
DA:18,2
DA:30,2
DA:31,2
DA:32,0
DA:34,2
DA:36,1
DA:37,0
DA:40,1
DA:41,14
DA:42,14
DA:43,14
DA:46,14
DA:47,14
DA:56,14
DA:57,14
DA:59,14
DA:60,14
DA:63,14
DA:68,14
DA:69,14
DA:70,14
DA:83,1
DA:84,1
DA:85,1
DA:86,1
DA:87,1
DA:89,1
DA:90,3
DA:94,3
DA:98,3
DA:102,3
DA:107,1
DA:108,1
DA:115,1
DA:116,1
DA:117,1
DA:118,1
DA:119,1
DA:120,1
DA:121,1
DA:122,1
DA:123,1
DA:124,1
LF:51
LH:49
BRDA:6,0,0,1
BRDA:25,1,0,2
BRDA:25,1,1,1
BRDA:31,2,0,0
BRDA:31,2,1,2
BRDA:46,3,0,14
BRDA:46,3,1,0
BRDA:57,4,0,14
BRDA:57,4,1,0
BRDA:60,5,0,0
BRDA:60,5,1,14
BRDA:68,6,0,0
BRDA:68,6,1,14
BRDA:70,7,0,1
BRDA:70,7,1,13
BRF:15
BRH:10
end_of_record
